c:\temp\wren work\turnbasedcardgame\game\x64\debug\vc143.pdb
c:\temp\wren work\turnbasedcardgame\game\x64\debug\vc143.idb
c:\temp\wren work\turnbasedcardgame\game\x64\debug\player.obj
c:\temp\wren work\turnbasedcardgame\game\x64\debug\main.obj
c:\temp\wren work\turnbasedcardgame\game\x64\debug\entity.obj
c:\temp\wren work\turnbasedcardgame\game\x64\debug\combat.obj
c:\temp\wren work\turnbasedcardgame\game\x64\debug\attackerenemy.obj
c:\temp\wren work\turnbasedcardgame\x64\debug\game.exe
c:\temp\wren work\turnbasedcardgame\x64\debug\game.pdb
c:\temp\wren work\turnbasedcardgame\game\x64\debug\game.ilk
c:\temp\wren work\turnbasedcardgame\game\x64\debug\vc145.idb
c:\temp\wren work\turnbasedcardgame\game\x64\debug\vc145.pdb
c:\temp\wren work\turnbasedcardgame\game\x64\debug\game.tlog\cl.command.1.tlog
c:\temp\wren work\turnbasedcardgame\game\x64\debug\game.tlog\cl.items.tlog
c:\temp\wren work\turnbasedcardgame\game\x64\debug\game.tlog\cl.read.1.tlog
c:\temp\wren work\turnbasedcardgame\game\x64\debug\game.tlog\cl.write.1.tlog
c:\temp\wren work\turnbasedcardgame\game\x64\debug\game.tlog\link.command.1.tlog
c:\temp\wren work\turnbasedcardgame\game\x64\debug\game.tlog\link.read.1.tlog
c:\temp\wren work\turnbasedcardgame\game\x64\debug\game.tlog\link.secondary.1.tlog
c:\temp\wren work\turnbasedcardgame\game\x64\debug\game.tlog\link.write.1.tlog
